[debug] > Exec(early(addDefaultCommands), None, None)
[debug] > Exec(addDefaultCommands, None, None)
[debug] > Exec(early(initialize), None, None)
[debug] > Exec(initialize, None, None)
[debug] > Exec(boot, None, None)
[debug] > Exec(writeSbtVersion, None, None)
[debug] > Exec(reload, None, None)
[debug] > Exec(sbtStashOnFailure, None, None)
[debug] > Exec(onFailure loadFailed, None, None)
[debug] > Exec(loadp, None, None)
[info] welcome to sbt 1.9.8 (Oracle Corporation Java 17.0.10)
[debug] Load.defaultLoad until apply took 234.525326ms
[debug]                 Load.loadUnit: plugins took 184.412898ms
[debug]                 Load.loadUnit: defsScala took 0.530973ms
[debug] [Loading] Scanning directory /Users/Raphael/Desktop/m2/ppc/Projet_code/project/project
[debug]                   Load.loadUnit: mkEval took 17.139835ms
[debug] [Loading] Found non-root projects 
[debug] [Loading] Done in /Users/Raphael/Desktop/m2/ppc/Projet_code/project/project, returning: ()
[debug] deducing auto plugins based on known facts Set(Atom(sbt.plugins.CorePlugin)) and clauses Clauses(Clause(Atom(sbt.plugins.JvmPlugin),Set(Atom(sbt.plugins.IvyPlugin)))
[debug] Clause(Atom(sbt.ScriptedPlugin),Set(Atom(sbt.plugins.JvmPlugin)))
[debug] Clause(Atom(sbt.plugins.SbtPlugin),Set(Atom(sbt.ScriptedPlugin)))
[debug] Clause(Atom(sbt.plugins.SemanticdbPlugin),Set(Atom(sbt.plugins.JvmPlugin)))
[debug] Clause(Atom(sbt.plugins.JUnitXmlReportPlugin),Set(Atom(sbt.plugins.JvmPlugin)))
[debug] Clause(Atom(sbt.plugins.MiniDependencyTreePlugin),Set(Atom(sbt.plugins.JvmPlugin)))
[debug] Clause(Atom(sbt.plugins.CorePlugin),Set(Atom(sbt.plugins.IvyPlugin)))
[debug] Clause(Atom(sbt.plugins.IvyPlugin),Set(Atom(sbt.plugins.JvmPlugin)))
[debug] Clause(Atom(sbt.plugins.JvmPlugin),Set(Atom(sbt.plugins.SemanticdbPlugin)))
[debug] Clause(Atom(sbt.plugins.JvmPlugin),Set(Atom(sbt.plugins.JUnitXmlReportPlugin)))
[debug] Clause(Atom(sbt.plugins.CorePlugin),Set(Atom(sbt.plugins.Giter8TemplatePlugin)))
[debug] Clause(Atom(sbt.plugins.JvmPlugin),Set(Atom(sbt.plugins.MiniDependencyTreePlugin))))
[debug]   :: deduced result: Matched(sbt.plugins.CorePlugin,sbt.plugins.Giter8TemplatePlugin,sbt.plugins.IvyPlugin,sbt.plugins.JvmPlugin,sbt.plugins.MiniDependencyTreePlugin,sbt.plugins.JUnitXmlReportPlugin,sbt.plugins.SemanticdbPlugin)
[debug] Plugins.deducer#function took 42.033054 ms
[info] loading settings for project projet_code-build-build from metals.sbt ...
[debug]                     Load.resolveProject(projet_code-build-build) took 86.627754ms
[debug]                   Load.loadTransitive: finalizeProject(Project(id projet_code-build-build, base: /Users/Raphael/Desktop/m2/ppc/Projet_code/project/project, plugins: List(<none>))) took 156.354746ms
[debug] [Loading] Done in /Users/Raphael/Desktop/m2/ppc/Projet_code/project/project, returning: (projet_code-build-build)
[debug]                 Load.loadUnit: loadedProjectsRaw took 4484.635567ms
[debug]                 Load.loadUnit: cleanEvalClasses took 15.70384ms
[debug]               Load.loadUnit(file:/Users/Raphael/Desktop/m2/ppc/Projet_code/project/project/, ...) took 4695.513334ms
[debug]             Load.apply: load took 5159.48026ms
[debug]             Load.apply: resolveProjects took 10.22872ms
[debug]             Load.apply: finalTransforms took 124.506698ms
[debug]             Load.apply: config.delegates took 17.180437ms
[debug]             Load.apply: Def.make(settings)... took 755.561628ms
[debug]             Load.apply: structureIndex took 194.190365ms
[debug]             Load.apply: mkStreams took 1.610285ms
[info] loading project definition from /Users/Raphael/Desktop/m2/ppc/Projet_code/project/project
[debug] Running task... Cancel: Signal, check cycles: false, forcegc: true
[debug]           Load.loadUnit: plugins took 12799.462003ms
[debug]           Load.loadUnit: defsScala took 0.010673ms
[debug] [Loading] Scanning directory /Users/Raphael/Desktop/m2/ppc/Projet_code/project
[debug]             Load.loadUnit: mkEval took 0.548469ms
[debug] [Loading] Found non-root projects 
[debug] [Loading] Done in /Users/Raphael/Desktop/m2/ppc/Projet_code/project, returning: ()
[debug] deducing auto plugins based on known facts Set(Atom(sbt.plugins.CorePlugin)) and clauses Clauses(Clause(Atom(sbt.plugins.JvmPlugin),Set(Atom(sbt.plugins.IvyPlugin)))
[debug] Clause(Atom(sbt.ScriptedPlugin),Set(Atom(sbt.plugins.JvmPlugin)))
[debug] Clause(Atom(sbt.plugins.SbtPlugin),Set(Atom(sbt.ScriptedPlugin)))
[debug] Clause(Atom(sbt.plugins.SemanticdbPlugin),Set(Atom(sbt.plugins.JvmPlugin)))
[debug] Clause(Atom(sbt.plugins.JUnitXmlReportPlugin),Set(Atom(sbt.plugins.JvmPlugin)))
[debug] Clause(Atom(sbt.plugins.MiniDependencyTreePlugin),Set(Atom(sbt.plugins.JvmPlugin)))
[debug] Clause(Atom(bloop.integrations.sbt.BloopPlugin),Set(Atom(sbt.plugins.JvmPlugin)))
[debug] Clause(Atom(sbt.plugins.CorePlugin),Set(Atom(sbt.plugins.IvyPlugin)))
[debug] Clause(Atom(sbt.plugins.IvyPlugin),Set(Atom(sbt.plugins.JvmPlugin)))
[debug] Clause(Atom(sbt.plugins.JvmPlugin),Set(Atom(sbt.plugins.SemanticdbPlugin)))
[debug] Clause(Atom(sbt.plugins.JvmPlugin),Set(Atom(sbt.plugins.JUnitXmlReportPlugin)))
[debug] Clause(Atom(sbt.plugins.CorePlugin),Set(Atom(sbt.plugins.Giter8TemplatePlugin)))
[debug] Clause(Atom(sbt.plugins.JvmPlugin),Set(Atom(sbt.plugins.MiniDependencyTreePlugin)))
[debug] Clause(Atom(sbt.plugins.JvmPlugin),Set(Atom(bloop.integrations.sbt.BloopPlugin))))
[debug]   :: deduced result: Matched(sbt.plugins.CorePlugin,sbt.plugins.Giter8TemplatePlugin,sbt.plugins.IvyPlugin,sbt.plugins.JvmPlugin,bloop.integrations.sbt.BloopPlugin,sbt.plugins.MiniDependencyTreePlugin,sbt.plugins.JUnitXmlReportPlugin,sbt.plugins.SemanticdbPlugin)
[debug] Plugins.deducer#function took 3.85502 ms
[info] loading settings for project projet_code-build from metals.sbt ...
[debug]               Load.resolveProject(projet_code-build) took 39.53684ms
[debug]             Load.loadTransitive: finalizeProject(Project(id projet_code-build, base: /Users/Raphael/Desktop/m2/ppc/Projet_code/project, plugins: List(<none>))) took 44.356565ms
[debug] [Loading] Done in /Users/Raphael/Desktop/m2/ppc/Projet_code/project, returning: (projet_code-build)
[debug]           Load.loadUnit: loadedProjectsRaw took 1683.169762ms
[debug]           Load.loadUnit: cleanEvalClasses took 1.720992ms
[debug]         Load.loadUnit(file:/Users/Raphael/Desktop/m2/ppc/Projet_code/project/, ...) took 14485.605878ms
[debug]       Load.apply: load took 14489.006022ms
[debug]       Load.apply: resolveProjects took 0.207472ms
[debug]       Load.apply: finalTransforms took 42.18123ms
[debug]       Load.apply: config.delegates took 0.664092ms
[debug]       Load.apply: Def.make(settings)... took 265.044468ms
[debug]       Load.apply: structureIndex took 93.831737ms
[debug]       Load.apply: mkStreams took 0.003601ms
[info] loading project definition from /Users/Raphael/Desktop/m2/ppc/Projet_code/project
[debug] Evaluating tasks: bloopInstall
[debug] Running task... Cancel: Signal, check cycles: false, forcegc: true
